<?xml version="1.0" encoding="utf-8"?>
<coverage line-rate="0.035" branch-rate="0" version="1.9" timestamp="1538711333" lines-covered="3" lines-valid="86" branches-covered="0" branches-valid="205">
  <sources>
    <source>C:\Users\Hieu\Desktop\Persol_dotnet\WebApp\src\IngressSample\</source>
  </sources>
  <packages>
    <package name="IngressSample" line-rate="0.052" branch-rate="0" complexity="0">
      <classes>
        <class name="IngressSample.Program" filename="Program.cs" line-rate="0" branch-rate="0" complexity="0">
          <methods>
            <method name="Main" signature="(System.String[])" line-rate="0" branch-rate="0">
              <lines>
                <line number="16" hits="0" branch="False" />
                <line number="17" hits="0" branch="False" />
                <line number="18" hits="0" branch="False" />
              </lines>
            </method>
            <method name="CreateWebHostBuilder" signature="(System.String[])" line-rate="0" branch-rate="0">
              <lines>
                <line number="21" hits="0" branch="False" />
                <line number="22" hits="0" branch="False" />
              </lines>
            </method>
          </methods>
          <lines>
            <line number="16" hits="0" branch="False" />
            <line number="17" hits="0" branch="False" />
            <line number="18" hits="0" branch="False" />
            <line number="21" hits="0" branch="False" />
            <line number="22" hits="0" branch="False" />
          </lines>
        </class>
        <class name="IngressSample.Startup" filename="Startup.cs" line-rate="0" branch-rate="0" complexity="0">
          <methods>
            <method name="get_Configuration" signature="()" line-rate="0" branch-rate="0">
              <lines>
                <line number="21" hits="0" branch="False" />
              </lines>
            </method>
            <method name="ConfigureServices" signature="(Microsoft.Extensions.DependencyInjection.IServiceCollection)" line-rate="0" branch-rate="0">
              <lines>
                <line number="25" hits="0" branch="False" />
                <line number="26" hits="0" branch="True" condition-coverage="0% (0/2)">
                  <conditions>
                    <condition number="8" type="jump" coverage="0%" />
                  </conditions>
                </line>
                <line number="27" hits="0" branch="False" />
                <line number="28" hits="0" branch="False" />
                <line number="29" hits="0" branch="False" />
                <line number="30" hits="0" branch="False" />
                <line number="31" hits="0" branch="False" />
                <line number="34" hits="0" branch="False" />
                <line number="35" hits="0" branch="False" />
              </lines>
            </method>
            <method name="Configure" signature="(Microsoft.AspNetCore.Builder.IApplicationBuilder,Microsoft.AspNetCore.Hosting.IHostingEnvironment)" line-rate="0" branch-rate="0">
              <lines>
                <line number="39" hits="0" branch="False" />
                <line number="40" hits="0" branch="True" condition-coverage="0% (0/2)">
                  <conditions>
                    <condition number="9" type="jump" coverage="0%" />
                  </conditions>
                </line>
                <line number="41" hits="0" branch="False" />
                <line number="42" hits="0" branch="False" />
                <line number="43" hits="0" branch="False" />
                <line number="45" hits="0" branch="False" />
                <line number="46" hits="0" branch="False" />
                <line number="47" hits="0" branch="False" />
                <line number="49" hits="0" branch="False" />
                <line number="50" hits="0" branch="False" />
                <line number="52" hits="0" branch="True" condition-coverage="0% (0/2)">
                  <conditions>
                    <condition number="57" type="jump" coverage="0%" />
                  </conditions>
                </line>
                <line number="53" hits="0" branch="False" />
                <line number="54" hits="0" branch="False" />
                <line number="55" hits="0" branch="False" />
                <line number="56" hits="0" branch="False" />
                <line number="57" hits="0" branch="False" />
                <line number="58" hits="0" branch="False" />
              </lines>
            </method>
            <method name=".ctor" signature="(Microsoft.Extensions.Configuration.IConfiguration)" line-rate="0" branch-rate="0">
              <lines>
                <line number="16" hits="0" branch="False" />
                <line number="17" hits="0" branch="False" />
                <line number="18" hits="0" branch="False" />
                <line number="19" hits="0" branch="False" />
              </lines>
            </method>
          </methods>
          <lines>
            <line number="21" hits="0" branch="False" />
            <line number="25" hits="0" branch="False" />
            <line number="26" hits="0" branch="True" condition-coverage="0% (0/2)">
              <conditions>
                <condition number="8" type="jump" coverage="0%" />
              </conditions>
            </line>
            <line number="27" hits="0" branch="False" />
            <line number="28" hits="0" branch="False" />
            <line number="29" hits="0" branch="False" />
            <line number="30" hits="0" branch="False" />
            <line number="31" hits="0" branch="False" />
            <line number="34" hits="0" branch="False" />
            <line number="35" hits="0" branch="False" />
            <line number="39" hits="0" branch="False" />
            <line number="40" hits="0" branch="True" condition-coverage="0% (0/2)">
              <conditions>
                <condition number="9" type="jump" coverage="0%" />
              </conditions>
            </line>
            <line number="41" hits="0" branch="False" />
            <line number="42" hits="0" branch="False" />
            <line number="43" hits="0" branch="False" />
            <line number="45" hits="0" branch="False" />
            <line number="46" hits="0" branch="False" />
            <line number="47" hits="0" branch="False" />
            <line number="49" hits="0" branch="False" />
            <line number="50" hits="0" branch="False" />
            <line number="52" hits="0" branch="True" condition-coverage="0% (0/2)">
              <conditions>
                <condition number="57" type="jump" coverage="0%" />
              </conditions>
            </line>
            <line number="53" hits="0" branch="False" />
            <line number="54" hits="0" branch="False" />
            <line number="55" hits="0" branch="False" />
            <line number="56" hits="0" branch="False" />
            <line number="57" hits="0" branch="False" />
            <line number="58" hits="0" branch="False" />
            <line number="16" hits="0" branch="False" />
            <line number="17" hits="0" branch="False" />
            <line number="18" hits="0" branch="False" />
            <line number="19" hits="0" branch="False" />
          </lines>
        </class>
        <class name="IngressSample.Startup/&lt;&gt;c" filename="Startup.cs" line-rate="0" branch-rate="0" complexity="0">
          <methods />
          <lines />
        </class>
        <class name="IngressSample.Models.ErrorViewModel" filename="Models\ErrorViewModel.cs" line-rate="0" branch-rate="0" complexity="0">
          <methods>
            <method name="get_RequestId" signature="()" line-rate="0" branch-rate="0">
              <lines>
                <line number="7" hits="0" branch="False" />
              </lines>
            </method>
            <method name="get_ShowRequestId" signature="()" line-rate="0" branch-rate="0">
              <lines>
                <line number="9" hits="0" branch="False" />
              </lines>
            </method>
          </methods>
          <lines>
            <line number="7" hits="0" branch="False" />
            <line number="9" hits="0" branch="False" />
          </lines>
        </class>
        <class name="IngressSample.Controllers.HomeController" filename="Controllers\HomeController.cs" line-rate="0" branch-rate="0" complexity="0">
          <methods>
            <method name="Index" signature="()" line-rate="0" branch-rate="0">
              <lines>
                <line number="14" hits="0" branch="False" />
                <line number="15" hits="0" branch="False" />
                <line number="16" hits="0" branch="False" />
              </lines>
            </method>
            <method name="About" signature="()" line-rate="0" branch-rate="0">
              <lines>
                <line number="19" hits="0" branch="False" />
                <line number="20" hits="0" branch="False" />
                <line number="22" hits="0" branch="False" />
                <line number="23" hits="0" branch="False" />
              </lines>
            </method>
            <method name="Contact" signature="()" line-rate="0" branch-rate="0">
              <lines>
                <line number="26" hits="0" branch="False" />
                <line number="27" hits="0" branch="False" />
                <line number="29" hits="0" branch="False" />
                <line number="30" hits="0" branch="False" />
              </lines>
            </method>
            <method name="Privacy" signature="()" line-rate="0" branch-rate="0">
              <lines>
                <line number="33" hits="0" branch="False" />
                <line number="34" hits="0" branch="False" />
                <line number="35" hits="0" branch="False" />
              </lines>
            </method>
            <method name="Error" signature="()" line-rate="0" branch-rate="0">
              <lines>
                <line number="39" hits="0" branch="False" />
                <line number="40" hits="0" branch="True" condition-coverage="0% (0/4)">
                  <conditions>
                    <condition number="14" type="jump" coverage="0%" />
                    <condition number="26" type="jump" coverage="0%" />
                  </conditions>
                </line>
                <line number="41" hits="0" branch="False" />
              </lines>
            </method>
          </methods>
          <lines>
            <line number="14" hits="0" branch="False" />
            <line number="15" hits="0" branch="False" />
            <line number="16" hits="0" branch="False" />
            <line number="19" hits="0" branch="False" />
            <line number="20" hits="0" branch="False" />
            <line number="22" hits="0" branch="False" />
            <line number="23" hits="0" branch="False" />
            <line number="26" hits="0" branch="False" />
            <line number="27" hits="0" branch="False" />
            <line number="29" hits="0" branch="False" />
            <line number="30" hits="0" branch="False" />
            <line number="33" hits="0" branch="False" />
            <line number="34" hits="0" branch="False" />
            <line number="35" hits="0" branch="False" />
            <line number="39" hits="0" branch="False" />
            <line number="40" hits="0" branch="True" condition-coverage="0% (0/4)">
              <conditions>
                <condition number="14" type="jump" coverage="0%" />
                <condition number="26" type="jump" coverage="0%" />
              </conditions>
            </line>
            <line number="41" hits="0" branch="False" />
          </lines>
        </class>
        <class name="IngressSample.Controllers.Summary" filename="Controllers\Summary.cs" line-rate="1" branch-rate="0" complexity="0">
          <methods>
            <method name="Total" signature="(System.Int32,System.Int32)" line-rate="1" branch-rate="0">
              <lines>
                <line number="11" hits="1" branch="False" />
                <line number="12" hits="1" branch="False" />
                <line number="13" hits="1" branch="False" />
              </lines>
            </method>
          </methods>
          <lines>
            <line number="11" hits="1" branch="False" />
            <line number="12" hits="1" branch="False" />
            <line number="13" hits="1" branch="False" />
          </lines>
        </class>
      </classes>
    </package>
    <package name="IngressSample.Views" line-rate="0" branch-rate="0" complexity="0">
      <classes>
        <class name="AspNetCore.Views_Home_About/&lt;ExecuteAsync&gt;d__0" filename="Views\Home\About.cshtml" line-rate="0" branch-rate="0" complexity="0">
          <methods>
            <method name="MoveNext" signature="()" line-rate="0" branch-rate="0">
              <lines>
                <line number="2" hits="0" branch="False" />
                <line number="4" hits="0" branch="False" />
                <line number="5" hits="0" branch="False" />
              </lines>
            </method>
          </methods>
          <lines>
            <line number="2" hits="0" branch="False" />
            <line number="4" hits="0" branch="False" />
            <line number="5" hits="0" branch="False" />
          </lines>
        </class>
        <class name="AspNetCore.Views_Home_Contact/&lt;ExecuteAsync&gt;d__0" filename="Views\Home\Contact.cshtml" line-rate="0" branch-rate="0" complexity="0">
          <methods>
            <method name="MoveNext" signature="()" line-rate="0" branch-rate="0">
              <lines>
                <line number="2" hits="0" branch="False" />
                <line number="4" hits="0" branch="False" />
                <line number="5" hits="0" branch="False" />
              </lines>
            </method>
          </methods>
          <lines>
            <line number="2" hits="0" branch="False" />
            <line number="4" hits="0" branch="False" />
            <line number="5" hits="0" branch="False" />
          </lines>
        </class>
        <class name="AspNetCore.Views_Home_Index/&lt;ExecuteAsync&gt;d__14" filename="Views\Home\Index.cshtml" line-rate="0" branch-rate="0" complexity="0">
          <methods>
            <method name="MoveNext" signature="()" line-rate="0" branch-rate="0">
              <lines>
                <line number="2" hits="0" branch="True" condition-coverage="0% (0/24)">
                  <conditions>
                    <condition number="200" type="jump" coverage="0%" />
                    <condition number="391" type="jump" coverage="0%" />
                    <condition number="494" type="jump" coverage="0%" />
                    <condition number="527" type="jump" coverage="0%" />
                    <condition number="780" type="jump" coverage="0%" />
                    <condition number="972" type="jump" coverage="0%" />
                    <condition number="1079" type="jump" coverage="0%" />
                    <condition number="1112" type="jump" coverage="0%" />
                    <condition number="1365" type="jump" coverage="0%" />
                    <condition number="1557" type="jump" coverage="0%" />
                    <condition number="1664" type="jump" coverage="0%" />
                    <condition number="1697" type="jump" coverage="0%" />
                  </conditions>
                </line>
              </lines>
            </method>
          </methods>
          <lines>
            <line number="2" hits="0" branch="True" condition-coverage="0% (0/24)">
              <conditions>
                <condition number="200" type="jump" coverage="0%" />
                <condition number="391" type="jump" coverage="0%" />
                <condition number="494" type="jump" coverage="0%" />
                <condition number="527" type="jump" coverage="0%" />
                <condition number="780" type="jump" coverage="0%" />
                <condition number="972" type="jump" coverage="0%" />
                <condition number="1079" type="jump" coverage="0%" />
                <condition number="1112" type="jump" coverage="0%" />
                <condition number="1365" type="jump" coverage="0%" />
                <condition number="1557" type="jump" coverage="0%" />
                <condition number="1664" type="jump" coverage="0%" />
                <condition number="1697" type="jump" coverage="0%" />
              </conditions>
            </line>
          </lines>
        </class>
        <class name="AspNetCore.Views_Home_Privacy/&lt;ExecuteAsync&gt;d__0" filename="Views\Home\Privacy.cshtml" line-rate="0" branch-rate="0" complexity="0">
          <methods>
            <method name="MoveNext" signature="()" line-rate="0" branch-rate="0">
              <lines>
                <line number="2" hits="0" branch="False" />
                <line number="4" hits="0" branch="False" />
              </lines>
            </method>
          </methods>
          <lines>
            <line number="2" hits="0" branch="False" />
            <line number="4" hits="0" branch="False" />
          </lines>
        </class>
        <class name="AspNetCore.Views_Shared_Error/&lt;ExecuteAsync&gt;d__0" filename="Views\Shared\Error.cshtml" line-rate="0" branch-rate="0" complexity="0">
          <methods>
            <method name="MoveNext" signature="()" line-rate="0" branch-rate="0">
              <lines>
                <line number="3" hits="0" branch="False" />
                <line number="9" hits="0" branch="False" />
                <line number="10" hits="0" branch="False" />
                <line number="12" hits="0" branch="False" />
                <line number="14" hits="0" branch="False" />
              </lines>
            </method>
          </methods>
          <lines>
            <line number="3" hits="0" branch="False" />
            <line number="9" hits="0" branch="False" />
            <line number="10" hits="0" branch="False" />
            <line number="12" hits="0" branch="False" />
            <line number="14" hits="0" branch="False" />
          </lines>
        </class>
        <class name="AspNetCore.Views_Shared__CookieConsentPartial/&lt;ExecuteAsync&gt;d__10" filename="Views\Shared\_CookieConsentPartial.cshtml" line-rate="0" branch-rate="0" complexity="0">
          <methods>
            <method name="MoveNext" signature="()" line-rate="0" branch-rate="0">
              <lines>
                <line number="4" hits="0" branch="True" condition-coverage="0% (0/2)">
                  <conditions>
                    <condition number="14" type="jump" coverage="0%" />
                  </conditions>
                </line>
                <line number="5" hits="0" branch="True" condition-coverage="0% (0/2)">
                  <conditions>
                    <condition number="109" type="jump" coverage="0%" />
                  </conditions>
                </line>
                <line number="6" hits="0" branch="True" condition-coverage="0% (0/2)">
                  <conditions>
                    <condition number="136" type="jump" coverage="0%" />
                  </conditions>
                </line>
                <line number="9" hits="0" branch="True" condition-coverage="0% (0/2)">
                  <conditions>
                    <condition number="208" type="jump" coverage="0%" />
                  </conditions>
                </line>
                <line number="10" hits="0" branch="True" condition-coverage="0% (0/6)">
                  <conditions>
                    <condition number="561" type="jump" coverage="0%" />
                    <condition number="666" type="jump" coverage="0%" />
                    <condition number="699" type="jump" coverage="0%" />
                  </conditions>
                </line>
                <line number="28" hits="0" branch="False" />
                <line number="41" hits="0" branch="False" />
              </lines>
            </method>
          </methods>
          <lines>
            <line number="4" hits="0" branch="True" condition-coverage="0% (0/2)">
              <conditions>
                <condition number="14" type="jump" coverage="0%" />
              </conditions>
            </line>
            <line number="5" hits="0" branch="True" condition-coverage="0% (0/2)">
              <conditions>
                <condition number="109" type="jump" coverage="0%" />
              </conditions>
            </line>
            <line number="6" hits="0" branch="True" condition-coverage="0% (0/2)">
              <conditions>
                <condition number="136" type="jump" coverage="0%" />
              </conditions>
            </line>
            <line number="9" hits="0" branch="True" condition-coverage="0% (0/2)">
              <conditions>
                <condition number="208" type="jump" coverage="0%" />
              </conditions>
            </line>
            <line number="10" hits="0" branch="True" condition-coverage="0% (0/6)">
              <conditions>
                <condition number="561" type="jump" coverage="0%" />
                <condition number="666" type="jump" coverage="0%" />
                <condition number="699" type="jump" coverage="0%" />
              </conditions>
            </line>
            <line number="28" hits="0" branch="False" />
            <line number="41" hits="0" branch="False" />
          </lines>
        </class>
        <class name="AspNetCore.Views_Shared__Layout/&lt;&lt;ExecuteAsync&gt;b__45_3&gt;d" filename="Views\Shared\_Layout.cshtml" line-rate="0" branch-rate="0" complexity="0">
          <methods>
            <method name="MoveNext" signature="()" line-rate="0" branch-rate="0">
              <lines>
                <line number="16" hits="0" branch="True" condition-coverage="0% (0/21)">
                  <conditions>
                    <condition number="8" type="switch" coverage="0%" />
                    <condition number="158" type="jump" coverage="0%" />
                    <condition number="575" type="jump" coverage="0%" />
                    <condition number="678" type="jump" coverage="0%" />
                    <condition number="711" type="jump" coverage="0%" />
                    <condition number="961" type="jump" coverage="0%" />
                    <condition number="1280" type="jump" coverage="0%" />
                    <condition number="1387" type="jump" coverage="0%" />
                    <condition number="1420" type="jump" coverage="0%" />
                  </conditions>
                </line>
              </lines>
            </method>
          </methods>
          <lines>
            <line number="16" hits="0" branch="True" condition-coverage="0% (0/21)">
              <conditions>
                <condition number="8" type="switch" coverage="0%" />
                <condition number="158" type="jump" coverage="0%" />
                <condition number="575" type="jump" coverage="0%" />
                <condition number="678" type="jump" coverage="0%" />
                <condition number="711" type="jump" coverage="0%" />
                <condition number="961" type="jump" coverage="0%" />
                <condition number="1280" type="jump" coverage="0%" />
                <condition number="1387" type="jump" coverage="0%" />
                <condition number="1420" type="jump" coverage="0%" />
              </conditions>
            </line>
          </lines>
        </class>
        <class name="AspNetCore.Views_Shared__Layout/&lt;&lt;ExecuteAsync&gt;b__45_0&gt;d" filename="Views\Shared\_Layout.cshtml" line-rate="0" branch-rate="0" complexity="0">
          <methods>
            <method name="MoveNext" signature="()" line-rate="0" branch-rate="0">
              <lines>
                <line number="6" hits="0" branch="True" condition-coverage="0% (0/17)">
                  <conditions>
                    <condition number="8" type="switch" coverage="0%" />
                    <condition number="434" type="jump" coverage="0%" />
                    <condition number="537" type="jump" coverage="0%" />
                    <condition number="570" type="jump" coverage="0%" />
                    <condition number="988" type="jump" coverage="0%" />
                    <condition number="1095" type="jump" coverage="0%" />
                    <condition number="1128" type="jump" coverage="0%" />
                  </conditions>
                </line>
              </lines>
            </method>
          </methods>
          <lines>
            <line number="6" hits="0" branch="True" condition-coverage="0% (0/17)">
              <conditions>
                <condition number="8" type="switch" coverage="0%" />
                <condition number="434" type="jump" coverage="0%" />
                <condition number="537" type="jump" coverage="0%" />
                <condition number="570" type="jump" coverage="0%" />
                <condition number="988" type="jump" coverage="0%" />
                <condition number="1095" type="jump" coverage="0%" />
                <condition number="1128" type="jump" coverage="0%" />
              </conditions>
            </line>
          </lines>
        </class>
        <class name="AspNetCore.Views_Shared__Layout/&lt;&lt;ExecuteAsync&gt;b__45_13&gt;d" filename="Views\Shared\_Layout.cshtml" line-rate="0" branch-rate="0" complexity="0">
          <methods>
            <method name="MoveNext" signature="()" line-rate="0" branch-rate="0">
              <lines>
                <line number="54" hits="0" branch="True" condition-coverage="0% (0/31)">
                  <conditions>
                    <condition number="8" type="switch" coverage="0%" />
                    <condition number="173" type="jump" coverage="0%" />
                    <condition number="320" type="jump" coverage="0%" />
                    <condition number="423" type="jump" coverage="0%" />
                    <condition number="456" type="jump" coverage="0%" />
                    <condition number="706" type="jump" coverage="0%" />
                    <condition number="854" type="jump" coverage="0%" />
                    <condition number="961" type="jump" coverage="0%" />
                    <condition number="994" type="jump" coverage="0%" />
                    <condition number="1244" type="jump" coverage="0%" />
                    <condition number="1541" type="jump" coverage="0%" />
                    <condition number="1648" type="jump" coverage="0%" />
                    <condition number="1681" type="jump" coverage="0%" />
                  </conditions>
                </line>
              </lines>
            </method>
          </methods>
          <lines>
            <line number="54" hits="0" branch="True" condition-coverage="0% (0/31)">
              <conditions>
                <condition number="8" type="switch" coverage="0%" />
                <condition number="173" type="jump" coverage="0%" />
                <condition number="320" type="jump" coverage="0%" />
                <condition number="423" type="jump" coverage="0%" />
                <condition number="456" type="jump" coverage="0%" />
                <condition number="706" type="jump" coverage="0%" />
                <condition number="854" type="jump" coverage="0%" />
                <condition number="961" type="jump" coverage="0%" />
                <condition number="994" type="jump" coverage="0%" />
                <condition number="1244" type="jump" coverage="0%" />
                <condition number="1541" type="jump" coverage="0%" />
                <condition number="1648" type="jump" coverage="0%" />
                <condition number="1681" type="jump" coverage="0%" />
              </conditions>
            </line>
          </lines>
        </class>
        <class name="AspNetCore.Views_Shared__Layout/&lt;&lt;ExecuteAsync&gt;b__45_14&gt;d" filename="Views\Shared\_Layout.cshtml" line-rate="0" branch-rate="0" complexity="0">
          <methods>
            <method name="MoveNext" signature="()" line-rate="0" branch-rate="0">
              <lines>
                <line number="69" hits="0" branch="True" condition-coverage="0% (0/27)">
                  <conditions>
                    <condition number="8" type="switch" coverage="0%" />
                    <condition number="493" type="jump" coverage="0%" />
                    <condition number="596" type="jump" coverage="0%" />
                    <condition number="629" type="jump" coverage="0%" />
                    <condition number="1200" type="jump" coverage="0%" />
                    <condition number="1307" type="jump" coverage="0%" />
                    <condition number="1340" type="jump" coverage="0%" />
                    <condition number="1590" type="jump" coverage="0%" />
                    <condition number="1887" type="jump" coverage="0%" />
                    <condition number="1994" type="jump" coverage="0%" />
                    <condition number="2027" type="jump" coverage="0%" />
                  </conditions>
                </line>
              </lines>
            </method>
          </methods>
          <lines>
            <line number="69" hits="0" branch="True" condition-coverage="0% (0/27)">
              <conditions>
                <condition number="8" type="switch" coverage="0%" />
                <condition number="493" type="jump" coverage="0%" />
                <condition number="596" type="jump" coverage="0%" />
                <condition number="629" type="jump" coverage="0%" />
                <condition number="1200" type="jump" coverage="0%" />
                <condition number="1307" type="jump" coverage="0%" />
                <condition number="1340" type="jump" coverage="0%" />
                <condition number="1590" type="jump" coverage="0%" />
                <condition number="1887" type="jump" coverage="0%" />
                <condition number="1994" type="jump" coverage="0%" />
                <condition number="2027" type="jump" coverage="0%" />
              </conditions>
            </line>
          </lines>
        </class>
        <class name="AspNetCore.Views_Shared__Layout/&lt;&lt;ExecuteAsync&gt;b__45_1&gt;d" filename="Views\Shared\_Layout.cshtml" line-rate="0" branch-rate="0" complexity="0">
          <methods>
            <method name="MoveNext" signature="()" line-rate="0" branch-rate="0">
              <lines>
                <line number="44" hits="0" branch="True" condition-coverage="0% (0/59)">
                  <conditions>
                    <condition number="8" type="switch" coverage="0%" />
                    <condition number="543" type="jump" coverage="0%" />
                    <condition number="646" type="jump" coverage="0%" />
                    <condition number="679" type="jump" coverage="0%" />
                    <condition number="1206" type="jump" coverage="0%" />
                    <condition number="1313" type="jump" coverage="0%" />
                    <condition number="1346" type="jump" coverage="0%" />
                    <condition number="1870" type="jump" coverage="0%" />
                    <condition number="1977" type="jump" coverage="0%" />
                    <condition number="2010" type="jump" coverage="0%" />
                    <condition number="2534" type="jump" coverage="0%" />
                    <condition number="2641" type="jump" coverage="0%" />
                    <condition number="2674" type="jump" coverage="0%" />
                    <condition number="2924" type="jump" coverage="0%" />
                    <condition number="3104" type="jump" coverage="0%" />
                    <condition number="3211" type="jump" coverage="0%" />
                    <condition number="3244" type="jump" coverage="0%" />
                    <condition number="3768" type="jump" coverage="0%" />
                    <condition number="3876" type="jump" coverage="0%" />
                    <condition number="3909" type="jump" coverage="0%" />
                    <condition number="4328" type="jump" coverage="0%" />
                    <condition number="4436" type="jump" coverage="0%" />
                    <condition number="4469" type="jump" coverage="0%" />
                  </conditions>
                </line>
                <line number="72" hits="0" branch="False" />
              </lines>
            </method>
          </methods>
          <lines>
            <line number="44" hits="0" branch="True" condition-coverage="0% (0/59)">
              <conditions>
                <condition number="8" type="switch" coverage="0%" />
                <condition number="543" type="jump" coverage="0%" />
                <condition number="646" type="jump" coverage="0%" />
                <condition number="679" type="jump" coverage="0%" />
                <condition number="1206" type="jump" coverage="0%" />
                <condition number="1313" type="jump" coverage="0%" />
                <condition number="1346" type="jump" coverage="0%" />
                <condition number="1870" type="jump" coverage="0%" />
                <condition number="1977" type="jump" coverage="0%" />
                <condition number="2010" type="jump" coverage="0%" />
                <condition number="2534" type="jump" coverage="0%" />
                <condition number="2641" type="jump" coverage="0%" />
                <condition number="2674" type="jump" coverage="0%" />
                <condition number="2924" type="jump" coverage="0%" />
                <condition number="3104" type="jump" coverage="0%" />
                <condition number="3211" type="jump" coverage="0%" />
                <condition number="3244" type="jump" coverage="0%" />
                <condition number="3768" type="jump" coverage="0%" />
                <condition number="3876" type="jump" coverage="0%" />
                <condition number="3909" type="jump" coverage="0%" />
                <condition number="4328" type="jump" coverage="0%" />
                <condition number="4436" type="jump" coverage="0%" />
                <condition number="4469" type="jump" coverage="0%" />
              </conditions>
            </line>
            <line number="72" hits="0" branch="False" />
          </lines>
        </class>
        <class name="AspNetCore.Views__ViewStart/&lt;ExecuteAsync&gt;d__0" filename="Views\_ViewStart.cshtml" line-rate="0" branch-rate="0" complexity="0">
          <methods>
            <method name="MoveNext" signature="()" line-rate="0" branch-rate="0">
              <lines>
                <line number="2" hits="0" branch="False" />
              </lines>
            </method>
          </methods>
          <lines>
            <line number="2" hits="0" branch="False" />
          </lines>
        </class>
      </classes>
    </package>
  </packages>
</coverage>